<?xml version="1.0" encoding="UTF-8"?>
<!-- Generated by org.testng.reporters.JUnitReportReporter -->
<testsuite hostname="CPC-rabur-AS2F1" failures="0" tests="1" name="TestExecute.Hydroflask.regressionTestcase.Test_DGLD_HF_ST_018_Validation_ShippingAddress_form_for_GuestUesr" time="85.782" errors="0" timestamp="5 Mar 2025 11:03:30 GMT">
  <testcase classname="TestExecute.Hydroflask.regressionTestcase.Test_DGLD_HF_ST_018_Validation_ShippingAddress_form_for_GuestUesr" name="Validation_ShippingAddress_form_for_GuestUesr_with_Errormessages" time="85.782"/>
</testsuite> <!-- TestExecute.Hydroflask.regressionTestcase.Test_DGLD_HF_ST_018_Validation_ShippingAddress_form_for_GuestUesr -->
