<?xml version="1.0" encoding="UTF-8"?>
<!-- Generated by org.testng.reporters.JUnitReportReporter -->
<testsuite hostname="CPC-avayu-3AUJR" failures="0" tests="1" name="TestExecute.Admin.RegressionTestcases.Test_DGLD_Admin_ST_CM_001_Create_Update_Delete_New_Customer" time="245.519" errors="0" timestamp="13 Sep 2024 07:42:04 GMT">
  <testcase classname="TestExecute.Admin.RegressionTestcases.Test_DGLD_Admin_ST_CM_001_Create_Update_Delete_New_Customer" name="Validate_Create_update_Delete_NewCustomer" time="245.519"/>
</testsuite> <!-- TestExecute.Admin.RegressionTestcases.Test_DGLD_Admin_ST_CM_001_Create_Update_Delete_New_Customer -->
