<?xml version="1.0" encoding="UTF-8"?>
<!-- Generated by org.testng.reporters.JUnitReportReporter -->
<testsuite hostname="CPC-anbog-RVKLH" failures="0" tests="1" name="TestExecute.Osprey_US.Osprey_US_O2C_E2E.TEST_DGLD_OSP_E2E_002_Registeruser_checkout_with_Klarna_Standard_shipping" time="459.715" errors="0" timestamp="28 Mar 2025 17:14:12 GMT">
  <testcase classname="TestExecute.Osprey_US.Osprey_US_O2C_E2E.TEST_DGLD_OSP_E2E_002_Registeruser_checkout_with_Klarna_Standard_shipping" name="Validate_Registeruser_checkout_with_Klarna_Standard_shipping" time="459.715"/>
</testsuite> <!-- TestExecute.Osprey_US.Osprey_US_O2C_E2E.TEST_DGLD_OSP_E2E_002_Registeruser_checkout_with_Klarna_Standard_shipping -->
