<?xml version="1.0" encoding="UTF-8"?>
<!-- Generated by org.testng.reporters.JUnitReportReporter -->
<testsuite hostname="CPC-rabur-AS2F1" failures="0" tests="1" name="TestExecute.Hydroflask.regressionTestcase.Test_DGLD_HF_ST_068_Register_User_Checkout_with_Text_Engraving_product" time="378.351" errors="0" timestamp="5 Mar 2025 07:21:20 GMT">
  <testcase classname="TestExecute.Hydroflask.regressionTestcase.Test_DGLD_HF_ST_068_Register_User_Checkout_with_Text_Engraving_product" name="Validating_Register_User_Checkout_with_Text_Engraving_product" time="378.351"/>
</testsuite> <!-- TestExecute.Hydroflask.regressionTestcase.Test_DGLD_HF_ST_068_Register_User_Checkout_with_Text_Engraving_product -->
