<?xml version="1.0" encoding="UTF-8"?>
<!-- Generated by org.testng.reporters.JUnitReportReporter -->
<testsuite hostname="CPC-rabur-AS2F1" failures="0" tests="1" name="TestExecute.Hydroflask.regressionTestcase.Test_DGLD_HF_ST_019_Validation_ShippingAddress_form_for_RegisterUesr" time="91.862" errors="0" timestamp="5 Mar 2025 11:14:12 GMT">
  <testcase classname="TestExecute.Hydroflask.regressionTestcase.Test_DGLD_HF_ST_019_Validation_ShippingAddress_form_for_RegisterUesr" name="Validation_ShippingAddress_form_for_RegisterUesr" time="91.862"/>
</testsuite> <!-- TestExecute.Hydroflask.regressionTestcase.Test_DGLD_HF_ST_019_Validation_ShippingAddress_form_for_RegisterUesr -->
